E:\PGG\FLAME SIMULATION\FLAME SIMULATION\RELEASE\SHADER.OBJ
E:\PGG\FLAME SIMULATION\FLAME SIMULATION\RELEASE\SCENE.OBJ
E:\PGG\FLAME SIMULATION\FLAME SIMULATION\RELEASE\PARTICLE.OBJ
E:\PGG\FLAME SIMULATION\FLAME SIMULATION\RELEASE\OBJECT.OBJ
E:\PGG\FLAME SIMULATION\FLAME SIMULATION\RELEASE\MESH.OBJ
E:\PGG\FLAME SIMULATION\FLAME SIMULATION\RELEASE\MATERIAL.OBJ
E:\PGG\FLAME SIMULATION\FLAME SIMULATION\RELEASE\MAIN.OBJ
E:\PGG\FLAME SIMULATION\FLAME SIMULATION\RELEASE\FLAME.OBJ
E:\PGG\FLAME SIMULATION\FLAME SIMULATION\RELEASE\VC110.PDB
E:\PGG\FLAME SIMULATION\FLAME SIMULATION\RELEASE\GLEW.OBJ
E:\PGG\FLAME SIMULATION\RELEASE\FLAME SIMULATION.EXE
E:\PGG\FLAME SIMULATION\RELEASE\FLAME SIMULATION.PDB
E:\PGG\Flame Simulation\Release\Flame Simulation.lib
E:\PGG\Flame Simulation\Release\Flame Simulation.exp
E:\PGG\Flame Simulation\Flame Simulation\Release\Shader.obj
E:\PGG\Flame Simulation\Flame Simulation\Release\Scene.obj
E:\PGG\Flame Simulation\Flame Simulation\Release\Particle.obj
E:\PGG\Flame Simulation\Flame Simulation\Release\Object.obj
E:\PGG\Flame Simulation\Flame Simulation\Release\Mesh.obj
E:\PGG\Flame Simulation\Flame Simulation\Release\Material.obj
E:\PGG\Flame Simulation\Flame Simulation\Release\Main.obj
E:\PGG\Flame Simulation\Flame Simulation\Release\Flame.obj
E:\PGG\Flame Simulation\Flame Simulation\Release\glew.obj
E:\PGG\Flame Simulation\Flame Simulation\Release\CL.read.1.tlog
E:\PGG\Flame Simulation\Flame Simulation\Release\CL.write.1.tlog
E:\PGG\Flame Simulation\Flame Simulation\Release\cl.command.1.tlog
E:\PGG\Flame Simulation\Flame Simulation\Release\link-rc.read.1.tlog
E:\PGG\Flame Simulation\Flame Simulation\Release\link-rc.write.1.tlog
E:\PGG\Flame Simulation\Flame Simulation\Release\link-cvtres.read.1.tlog
E:\PGG\Flame Simulation\Flame Simulation\Release\link-cvtres.write.1.tlog
E:\PGG\Flame Simulation\Flame Simulation\Release\link.read.1.tlog
E:\PGG\Flame Simulation\Flame Simulation\Release\link.write.1.tlog
E:\PGG\Flame Simulation\Flame Simulation\Release\link.command.1.tlog
E:\PGG\Flame Simulation\Flame Simulation\Release\Flame Simulation.write.1.tlog
E:\PGG\Flame Simulation\Flame Simulation\Release\vc110.pdb
E:\PGG\Flame Simulation\Release\Flame Simulation.pdb
E:\PGG\Flame Simulation\Release\Flame Simulation.exe
