Build started 19/02/2017 16:38:55.
     1>Project "E:\PGG\Flame Simulation\Flame Simulation\Flame Simulation.vcxproj" on node 2 (Build target(s)).
     1>ClCompile:
         C:\Program Files (x86)\Microsoft Visual Studio 11.0\VC\bin\CL.exe /c /I.\Dependencies\glm\glm /I".\Dependencies\SDL2-2.0.5\include" /I.\Dependencies\glew\include\GL /Zi /nologo /W3 /WX- /O2 /Oi /Oy- /GL /D WIN32 /D NDEBUG /D _CONSOLE /D _UNICODE /D UNICODE /Gm- /EHsc /MD /GS /Gy /fp:precise /Zc:wchar_t /Zc:forScope /Fo"Release\\" /Fd"Release\vc110.pdb" /Gd /TP /analyze- /errorReport:prompt Scene.cpp
         Scene.cpp
     1>Scene.cpp(48): warning C4244: '-=' : conversion from 'double' to 'float', possible loss of data
     1>Scene.cpp(52): warning C4244: '+=' : conversion from 'double' to 'float', possible loss of data
     1>Scene.cpp(58): warning C4244: '+=' : conversion from 'double' to 'float', possible loss of data
     1>Scene.cpp(66): warning C4244: '-=' : conversion from 'double' to 'float', possible loss of data
       Link:
         C:\Program Files (x86)\Microsoft Visual Studio 11.0\VC\bin\link.exe /ERRORREPORT:PROMPT /OUT:"E:\PGG\Flame Simulation\Release\Flame Simulation.exe" /INCREMENTAL:NO /NOLOGO /LIBPATH:.\Dependencies\glew\lib\Release\Win32 /LIBPATH:".\Dependencies\SDL2-2.0.5\lib\x86" SDL2.lib SDL2main.lib SDL2_image.lib OpenGL32.lib glew32.lib kernel32.lib user32.lib gdi32.lib winspool.lib comdlg32.lib advapi32.lib shell32.lib ole32.lib oleaut32.lib uuid.lib odbc32.lib odbccp32.lib /MANIFEST /MANIFESTUAC:"level='asInvoker' uiAccess='false'" /manifest:embed /DEBUG /PDB:"E:\PGG\Flame Simulation\Release\Flame Simulation.pdb" /SUBSYSTEM:CONSOLE /OPT:REF /OPT:ICF /LTCG /TLBID:1 /DYNAMICBASE /NXCOMPAT /IMPLIB:"E:\PGG\Flame Simulation\Release\Flame Simulation.lib" /MACHINE:X86 /SAFESEH Release\Flame.obj
         Release\glew.obj
         Release\Main.obj
         Release\Material.obj
         Release\Mesh.obj
         Release\Object.obj
         Release\Particle.obj
         Release\Scene.obj
         Release\Shader.obj
            Creating library E:\PGG\Flame Simulation\Release\Flame Simulation.lib and object E:\PGG\Flame Simulation\Release\Flame Simulation.exp
         Generating code
         Finished generating code
         Flame Simulation.vcxproj -> E:\PGG\Flame Simulation\Release\Flame Simulation.exe
     1>Done Building Project "E:\PGG\Flame Simulation\Flame Simulation\Flame Simulation.vcxproj" (Build target(s)).

Build succeeded.

Time Elapsed 00:00:04.54
